<?xml version="1.0" encoding="UTF-8"?>
<testsuites name="Mocha Tests" time="4.077" tests="1" failures="0">
  <testsuite name="Root Suite" timestamp="2024-12-05T22:32:17" tests="0" file="cypress\e2e\initialTest.cy.js" time="0.000" failures="0">
  </testsuite>
  <testsuite name="Mi primera prueba" timestamp="2024-12-05T22:32:17" tests="1" time="4.066" failures="0">
    <testcase name="Mi primera prueba Carga correctamente la página de ejemplo" time="0.884" classname="Carga correctamente la página de ejemplo">
    </testcase>
  </testsuite>
</testsuites>